   1               		.file	"main.c"
   2               		.arch atmega2560
   3               	__SREG__ = 0x3f
   4               	__SP_H__ = 0x3e
   5               	__SP_L__ = 0x3d
   6               	__tmp_reg__ = 0
   7               	__zero_reg__ = 1
   8               		.global __do_copy_data
   9               		.global __do_clear_bss
  17               	.Ltext0:
  18               	.global	__vector_10
  20               	__vector_10:
  21               	.LFB3:
  22               	.LM1:
  23               	/* prologue: frame size=0 */
  24 0000 1F92      		push __zero_reg__
  25 0002 0F92      		push __tmp_reg__
  26 0004 0FB6      		in __tmp_reg__,__SREG__
  27 0006 0F92      		push __tmp_reg__
  28 0008 1124      		clr __zero_reg__
  29 000a 2F93      		push r18
  30 000c 3F93      		push r19
  31 000e 8F93      		push r24
  32 0010 9F93      		push r25
  33               	/* prologue end (size=9) */
  34               	.LM2:
  35 0012 1092 0000 		sts line_triggered,__zero_reg__
  36               	.LM3:
  37 0016 3091 0301 		lds r19,259
  38               	.LVL0:
  39               	.LM4:
  40 001a 2091 0000 		lds r18,previous_port_j
  41               	.LVL1:
  42 001e 8091 0000 		lds r24,previous_port_j
  43 0022 9091 0000 		lds r25,interrupt_edge_port_j
  44 0026 2327      		eor r18,r19
  45 0028 8927      		eor r24,r25
  46 002a 2823      		and r18,r24
  47               	.LM5:
  48 002c 2031      		cpi r18,lo8(16)
  49 002e 01F4      		brne .L2
  50               	.LM6:
  51 0030 34FF      		sbrs r19,4
  52 0032 00C0      		rjmp .L4
  53 0034 00C0      		rjmp .L10
  54               	.L2:
  55               	.LM7:
  56 0036 2032      		cpi r18,lo8(32)
  57 0038 01F0      		breq .L10
  58               	.LM8:
  59 003a 2034      		cpi r18,lo8(64)
  60 003c 01F4      		brne .L4
  61               	.L10:
  62               	.LM9:
  63 003e 81E0      		ldi r24,lo8(1)
  64 0040 8093 0000 		sts line_triggered,r24
  65               	.L4:
  66               	.LM10:
  67 0044 3093 0000 		sts previous_port_j,r19
  68               	/* epilogue: frame size=0 */
  69 0048 9F91      		pop r25
  70 004a 8F91      		pop r24
  71 004c 3F91      		pop r19
  72 004e 2F91      		pop r18
  73 0050 0F90      		pop __tmp_reg__
  74 0052 0FBE      		out __SREG__,__tmp_reg__
  75 0054 0F90      		pop __tmp_reg__
  76 0056 1F90      		pop __zero_reg__
  77 0058 1895      		reti
  78               	/* epilogue end (size=9) */
  79               	/* function __vector_10 size 45 (27) */
  80               	.LFE3:
  82               	.global	ioinit
  84               	ioinit:
  85               	.LFB5:
  86               	.LM11:
  87               	/* prologue: frame size=0 */
  88               	/* prologue end (size=0) */
  89               	.LM12:
  90 005a 1092 8000 		sts 128,__zero_reg__
  91               	.LM13:
  92 005e E1E8      		ldi r30,lo8(129)
  93 0060 F0E0      		ldi r31,hi8(129)
  94 0062 92E0      		ldi r25,lo8(2)
  95 0064 9083      		st Z,r25
  96               	.LM14:
  97 0066 8081      		ld r24,Z
  98 0068 8860      		ori r24,lo8(8)
  99 006a 8083      		st Z,r24
 100               	.LM15:
 101 006c 9093 6F00 		sts 111,r25
 102               	.LM16:
 103 0070 82E1      		ldi r24,lo8(7954)
 104 0072 9FE1      		ldi r25,hi8(7954)
 105 0074 9093 8900 		sts (136)+1,r25
 106 0078 8093 8800 		sts 136,r24
 107               	.LM17:
 108 007c 99E2      		ldi r25,lo8(41)
 109 007e 9093 A000 		sts 160,r25
 110               	.LM18:
 111 0082 81E0      		ldi r24,lo8(1)
 112 0084 8093 A100 		sts 161,r24
 113               	.LM19:
 114 0088 1092 AD00 		sts (172)+1,__zero_reg__
 115 008c 1092 AC00 		sts 172,__zero_reg__
 116               	.LM20:
 117 0090 1092 AB00 		sts (170)+1,__zero_reg__
 118 0094 1092 AA00 		sts 170,__zero_reg__
 119               	.LM21:
 120 0098 9093 9000 		sts 144,r25
 121               	.LM22:
 122 009c 8093 9100 		sts 145,r24
 123               	.LM23:
 124 00a0 1092 9D00 		sts (156)+1,__zero_reg__
 125 00a4 1092 9C00 		sts 156,__zero_reg__
 126               	.LM24:
 127 00a8 1092 9B00 		sts (154)+1,__zero_reg__
 128 00ac 1092 9A00 		sts 154,__zero_reg__
 129               	.LM25:
 130               	/* #APP */
 131 00b0 7894      		sei
 132               	/* #NOAPP */
 133               	/* epilogue: frame size=0 */
 134 00b2 0895      		ret
 135               	/* epilogue end (size=1) */
 136               	/* function ioinit size 46 (45) */
 137               	.LFE5:
 139               	.global	main
 141               	main:
 142               	.LFB6:
 143               	.LM26:
 144               	/* prologue: frame size=0 */
 145               	/* prologue end (size=0) */
 146               	.LM27:
 147 00b4 81E0      		ldi r24,lo8(1)
 148 00b6 8093 0000 		sts led_on,r24
 149               	.LM28:
 150 00ba 8093 0000 		sts line_triggered,r24
 151               	.LM29:
 152 00be 0E94 0000 		call Setup_Sumo_Ports
 153               	.LM30:
 154 00c2 0E94 0000 		call ioinit
 155               	.LM31:
 156 00c6 8FE7      		ldi r24,lo8(127)
 157 00c8 8093 0000 		sts interrupt_edge_port_j,r24
 158               	.LM32:
 159 00cc 1092 0000 		sts previous_port_j,__zero_reg__
 160 00d0 20E0      		ldi r18,lo8(0)
 161 00d2 30E0      		ldi r19,hi8(0)
 162 00d4 40E0      		ldi r20,hlo8(0)
 163 00d6 50E0      		ldi r21,hhi8(0)
 164               	.LVL2:
 165               	.LVL3:
 166               	.L14:
 167               	.LM33:
 168 00d8 DA01      		movw r26,r20
 169 00da C901      		movw r24,r18
 170               	.L15:
 171               	.LBB2:
 172               	.LM34:
 173 00dc 9C01      		movw r18,r24
 174 00de AD01      		movw r20,r26
 175 00e0 2F5F      		subi r18,lo8(-(1))
 176 00e2 3F4F      		sbci r19,hi8(-(1))
 177 00e4 4F4F      		sbci r20,hlo8(-(1))
 178 00e6 5F4F      		sbci r21,hhi8(-(1))
 179 00e8 80E0      		ldi r24,lo8(0)
 180 00ea 90E0      		ldi r25,hi8(0)
 181 00ec A0E0      		ldi r26,hlo8(0)
 182 00ee B0E0      		ldi r27,hhi8(0)
 183 00f0 2030      		cpi r18,lo8(-294967296)
 184 00f2 68E2      		ldi r22,hi8(-294967296)
 185 00f4 3607      		cpc r19,r22
 186 00f6 6BE6      		ldi r22,hlo8(-294967296)
 187 00f8 4607      		cpc r20,r22
 188 00fa 6EEE      		ldi r22,hhi8(-294967296)
 189 00fc 5607      		cpc r21,r22
 190 00fe 00F4      		brsh .L15
 191 0100 00C0      		rjmp .L14
 192               	.LBE2:
 193               	/* epilogue: frame size=0 */
 194               	/* epilogue: noreturn */
 195               	/* epilogue end (size=0) */
 196               	/* function main size 39 (39) */
 197               	.LFE6:
 199               	.global	__vector_17
 201               	__vector_17:
 202               	.LFB4:
 203               	.LM35:
 204               	/* prologue: frame size=0 */
 205 0102 1F92      		push __zero_reg__
 206 0104 0F92      		push __tmp_reg__
 207 0106 0FB6      		in __tmp_reg__,__SREG__
 208 0108 0F92      		push __tmp_reg__
 209 010a 1124      		clr __zero_reg__
 210 010c 2F93      		push r18
 211 010e 3F93      		push r19
 212 0110 4F93      		push r20
 213 0112 5F93      		push r21
 214 0114 6F93      		push r22
 215 0116 7F93      		push r23
 216 0118 8F93      		push r24
 217 011a 9F93      		push r25
 218 011c AF93      		push r26
 219 011e BF93      		push r27
 220 0120 EF93      		push r30
 221 0122 FF93      		push r31
 222               	/* prologue end (size=17) */
 223               	.LM36:
 224 0124 8091 0000 		lds r24,sw
 225 0128 8823      		tst r24
 226 012a 01F4      		brne .L19
 227               	.LM37:
 228 012c 8FEF      		ldi r24,lo8(255)
 229 012e 90E0      		ldi r25,hi8(255)
 230 0130 00C0      		rjmp .L35
 231               	.L19:
 232               	.LM38:
 233 0132 80EF      		ldi r24,lo8(-3856)
 234 0134 90EF      		ldi r25,hi8(-3856)
 235               	.L35:
 236 0136 9093 0000 		sts (line.1449)+1,r25
 237 013a 8093 0000 		sts line.1449,r24
 238               	.LM39:
 239 013e 8091 0000 		lds r24,line.1449
 240 0142 9091 0000 		lds r25,(line.1449)+1
 241 0146 0E94 0000 		call LED_Send_Line
 242               	.LM40:
 243 014a 8091 0000 		lds r24,comcount.1448
 244 014e 0E94 0000 		call LED_Set_Common
 245               	.LM41:
 246 0152 8091 0000 		lds r24,comcount.1448
 247 0156 8F5F      		subi r24,lo8(-(1))
 248 0158 8093 0000 		sts comcount.1448,r24
 249               	.LM42:
 250 015c 8430      		cpi r24,lo8(4)
 251 015e 01F0      		breq .L29
 252 0160 8530      		cpi r24,lo8(5)
 253 0162 04F4      		brge .L31
 254 0164 8230      		cpi r24,lo8(2)
 255 0166 01F0      		breq .L29
 256 0168 8330      		cpi r24,lo8(3)
 257 016a 04F4      		brge .L29
 258 016c 8130      		cpi r24,lo8(1)
 259 016e 01F4      		brne .L22
 260 0170 00C0      		rjmp .L29
 261               	.L31:
 262 0172 8630      		cpi r24,lo8(6)
 263 0174 01F0      		breq .L29
 264 0176 8630      		cpi r24,lo8(6)
 265 0178 04F0      		brlt .L29
 266 017a 8730      		cpi r24,lo8(7)
 267 017c 01F0      		breq .L29
 268 017e 8830      		cpi r24,lo8(8)
 269 0180 01F4      		brne .L22
 270 0182 00C0      		rjmp .L30
 271               	.L29:
 272               	.LM43:
 273 0184 80E8      		ldi r24,lo8(128)
 274 0186 90E0      		ldi r25,hi8(128)
 275 0188 9093 AB00 		sts (170)+1,r25
 276 018c 8093 AA00 		sts 170,r24
 277               	.LM44:
 278 0190 9093 AD00 		sts (172)+1,r25
 279 0194 8093 AC00 		sts 172,r24
 280               	.LM45:
 281 0198 9093 9B00 		sts (154)+1,r25
 282 019c 8093 9A00 		sts 154,r24
 283               	.LM46:
 284 01a0 9093 9D00 		sts (156)+1,r25
 285 01a4 8093 9C00 		sts 156,r24
 286 01a8 00C0      		rjmp .L34
 287               	.L30:
 288               	.LM47:
 289 01aa 80E8      		ldi r24,lo8(128)
 290 01ac 90E0      		ldi r25,hi8(128)
 291 01ae 9093 AB00 		sts (170)+1,r25
 292 01b2 8093 AA00 		sts 170,r24
 293               	.LM48:
 294 01b6 9093 AD00 		sts (172)+1,r25
 295 01ba 8093 AC00 		sts 172,r24
 296               	.LM49:
 297 01be 9093 9B00 		sts (154)+1,r25
 298 01c2 8093 9A00 		sts 154,r24
 299               	.LM50:
 300 01c6 9093 9D00 		sts (156)+1,r25
 301 01ca 8093 9C00 		sts 156,r24
 302 01ce 00C0      		rjmp .L33
 303               	.L22:
 304               	.LM51:
 305 01d0 8830      		cpi r24,lo8(8)
 306 01d2 04F0      		brlt .L34
 307               	.L33:
 308               	.LM52:
 309 01d4 1092 0000 		sts comcount.1448,__zero_reg__
 310               	.L34:
 311               	/* epilogue: frame size=0 */
 312 01d8 FF91      		pop r31
 313 01da EF91      		pop r30
 314 01dc BF91      		pop r27
 315 01de AF91      		pop r26
 316 01e0 9F91      		pop r25
 317 01e2 8F91      		pop r24
 318 01e4 7F91      		pop r23
 319 01e6 6F91      		pop r22
 320 01e8 5F91      		pop r21
 321 01ea 4F91      		pop r20
 322 01ec 3F91      		pop r19
 323 01ee 2F91      		pop r18
 324 01f0 0F90      		pop __tmp_reg__
 325 01f2 0FBE      		out __SREG__,__tmp_reg__
 326 01f4 0F90      		pop __tmp_reg__
 327 01f6 1F90      		pop __zero_reg__
 328 01f8 1895      		reti
 329               	/* epilogue end (size=17) */
 330               	/* function __vector_17 size 124 (90) */
 331               	.LFE4:
 333               	.global	sw
 334               	.global	sw
 335               		.section .bss
 338               	sw:
 339 0000 00        		.skip 1,0
 340               	.global	Upchar
 341               		.data
 344               	Upchar:
 345 0000 FF00      		.word	255
 346 0002 0000      		.word	0
 347 0004 0000      		.word	0
 348 0006 0000      		.word	0
 349 0008 0000      		.word	0
 350 000a 0000      		.word	0
 351 000c 0000      		.word	0
 352 000e 0000      		.word	0
 353               	.global	Rightchar
 356               	Rightchar:
 357 0010 8080      		.word	-32640
 358 0012 8080      		.word	-32640
 359 0014 8080      		.word	-32640
 360 0016 8080      		.word	-32640
 361 0018 8080      		.word	-32640
 362 001a 8080      		.word	-32640
 363 001c 8080      		.word	-32640
 364 001e 8080      		.word	-32640
 365               	.global	Downchar
 368               	Downchar:
 369 0020 0000      		.word	0
 370 0022 0000      		.word	0
 371 0024 0000      		.word	0
 372 0026 0000      		.word	0
 373 0028 0000      		.word	0
 374 002a 0000      		.word	0
 375 002c 0000      		.word	0
 376 002e 00FF      		.word	-256
 377               	.global	Leftchar
 380               	Leftchar:
 381 0030 0101      		.word	257
 382 0032 0101      		.word	257
 383 0034 0101      		.word	257
 384 0036 0101      		.word	257
 385 0038 0101      		.word	257
 386 003a 0101      		.word	257
 387 003c 0101      		.word	257
 388 003e 0101      		.word	257
 389               	.global	Stopchar
 392               	Stopchar:
 393 0040 3C3C      		.word	15420
 394 0042 7E7E      		.word	32382
 395 0044 FFFF      		.word	-1
 396 0046 FFFF      		.word	-1
 397 0048 FFFF      		.word	-1
 398 004a FFFF      		.word	-1
 399 004c 7E7E      		.word	32382
 400 004e 3C3C      		.word	15420
 401               		.lcomm line.1449,2
 402               		.lcomm comcount.1448,1
 403               		.comm previous_port_j,1,1
 404               		.comm interrupt_edge_port_j,1,1
 405               		.comm led_on,1,1
 406               		.comm line_triggered,1,1
 407               		.comm xdif,2,1
 408               		.comm ydif,2,1
 457               	.Letext0:
DEFINED SYMBOLS
                            *ABS*:00000000 main.c
C:\DOCUME~1\tdt\LOCALS~1\Temp/ccVbIh2d.s:3      *ABS*:0000003f __SREG__
C:\DOCUME~1\tdt\LOCALS~1\Temp/ccVbIh2d.s:4      *ABS*:0000003e __SP_H__
C:\DOCUME~1\tdt\LOCALS~1\Temp/ccVbIh2d.s:5      *ABS*:0000003d __SP_L__
C:\DOCUME~1\tdt\LOCALS~1\Temp/ccVbIh2d.s:6      *ABS*:00000000 __tmp_reg__
C:\DOCUME~1\tdt\LOCALS~1\Temp/ccVbIh2d.s:7      *ABS*:00000001 __zero_reg__
C:\DOCUME~1\tdt\LOCALS~1\Temp/ccVbIh2d.s:20     .text:00000000 __vector_10
                            *COM*:00000001 line_triggered
                            *COM*:00000001 previous_port_j
                            *COM*:00000001 interrupt_edge_port_j
C:\DOCUME~1\tdt\LOCALS~1\Temp/ccVbIh2d.s:84     .text:0000005a ioinit
C:\DOCUME~1\tdt\LOCALS~1\Temp/ccVbIh2d.s:141    .text:000000b4 main
                            *COM*:00000001 led_on
C:\DOCUME~1\tdt\LOCALS~1\Temp/ccVbIh2d.s:201    .text:00000102 __vector_17
C:\DOCUME~1\tdt\LOCALS~1\Temp/ccVbIh2d.s:338    .bss:00000000 sw
                             .bss:00000001 line.1449
C:\DOCUME~1\tdt\LOCALS~1\Temp/ccVbIh2d.s:401    .bss:00000003 comcount.1448
C:\DOCUME~1\tdt\LOCALS~1\Temp/ccVbIh2d.s:344    .data:00000000 Upchar
C:\DOCUME~1\tdt\LOCALS~1\Temp/ccVbIh2d.s:356    .data:00000010 Rightchar
C:\DOCUME~1\tdt\LOCALS~1\Temp/ccVbIh2d.s:368    .data:00000020 Downchar
C:\DOCUME~1\tdt\LOCALS~1\Temp/ccVbIh2d.s:380    .data:00000030 Leftchar
C:\DOCUME~1\tdt\LOCALS~1\Temp/ccVbIh2d.s:392    .data:00000040 Stopchar
                            *COM*:00000002 xdif
                            *COM*:00000002 ydif

UNDEFINED SYMBOLS
__do_copy_data
__do_clear_bss
Setup_Sumo_Ports
LED_Send_Line
LED_Set_Common
