Added Pin To Net: NetName=NetC20_1 Pin=C20-1
Added Pin To Net: NetName=MOT1_A\ Pin=C20-2
Added Pin To Net: NetName=NetC21_1 Pin=C21-1
Added Pin To Net: NetName=MOT1_B\ Pin=C21-2
Added Pin To Net: NetName=GND Pin=C22-1
Added Pin To Net: NetName=12V Pin=C22-2
Added Pin To Net: NetName=NetC30_1 Pin=C30-1
Added Pin To Net: NetName=MOT2_A\ Pin=C30-2
Added Pin To Net: NetName=NetC31_1 Pin=C31-1
Added Pin To Net: NetName=MOT2_B\ Pin=C31-2
Added Pin To Net: NetName=GND Pin=C32-1
Added Pin To Net: NetName=12V Pin=C32-2
Added Pin To Net: NetName=12V Pin=D20-1
Added Pin To Net: NetName=NetC20_1 Pin=D20-2
Added Pin To Net: NetName=12V Pin=D21-1
Added Pin To Net: NetName=NetC21_1 Pin=D21-2
Added Pin To Net: NetName=NetD22_1 Pin=D22-1
Added Pin To Net: NetName=MOT1_GATE_A Pin=D22-2
Added Pin To Net: NetName=NetD23_1 Pin=D23-1
Added Pin To Net: NetName=MOT1_PWM_A\ Pin=D23-2
Added Pin To Net: NetName=NetD24_1 Pin=D24-1
Added Pin To Net: NetName=MOT1_PWM_B\ Pin=D24-2
Added Pin To Net: NetName=NetD25_1 Pin=D25-1
Added Pin To Net: NetName=MOT1_GATE_B Pin=D25-2
Added Pin To Net: NetName=12V Pin=D30-1
Added Pin To Net: NetName=NetC30_1 Pin=D30-2
Added Pin To Net: NetName=12V Pin=D31-1
Added Pin To Net: NetName=NetC31_1 Pin=D31-2
Added Pin To Net: NetName=NetD32_1 Pin=D32-1
Added Pin To Net: NetName=MOT2_GATE_A Pin=D32-2
Added Pin To Net: NetName=NetD33_1 Pin=D33-1
Added Pin To Net: NetName=MOT2_PWM_A\ Pin=D33-2
Added Pin To Net: NetName=NetD34_1 Pin=D34-1
Added Pin To Net: NetName=MOT2_PWM_B\ Pin=D34-2
Added Pin To Net: NetName=NetD35_1 Pin=D35-1
Added Pin To Net: NetName=MOT2_GATE_B Pin=D35-2
Added Pin To Net: NetName=VBAT Pin=FH_1-1
Added Pin To Net: NetName=MOT1_CENT Pin=FH_1-2
Added Pin To Net: NetName=VBAT Pin=FH_3-1
Added Pin To Net: NetName=MOT2_CENT Pin=FH_3-2
Added Pin To Net: NetName=MOT1_DC Pin=FH_5-1
Added Pin To Net: NetName=VBAT Pin=FH_5-2
Added Pin To Net: NetName=MOT2_DC Pin=FH_7-1
Added Pin To Net: NetName=VBAT Pin=FH_7-2
Added Pin To Net: NetName=MOT1_B Pin=JP20-1
Added Pin To Net: NetName=MOT1_CENT Pin=JP20-2
Added Pin To Net: NetName=MOT1_A Pin=JP20-3
Added Pin To Net: NetName=MOT1_B\ Pin=JP20-4
Added Pin To Net: NetName=MOT1_CENT Pin=JP20-5
Added Pin To Net: NetName=MOT1_A\ Pin=JP20-6
Added Pin To Net: NetName=MOT2_B Pin=JP21-1
Added Pin To Net: NetName=MOT2_CENT Pin=JP21-2
Added Pin To Net: NetName=MOT2_A Pin=JP21-3
Added Pin To Net: NetName=MOT2_B\ Pin=JP21-4
Added Pin To Net: NetName=MOT2_CENT Pin=JP21-5
Added Pin To Net: NetName=MOT2_A\ Pin=JP21-6
Added Pin To Net: NetName=NetD23_1 Pin=Q1-1
Added Pin To Net: NetName=GND Pin=Q1-3
Added Pin To Net: NetName=MOT1_A\ Pin=Q1-4
Added Pin To Net: NetName=NetD22_1 Pin=Q2-1
Added Pin To Net: NetName=NetQ2_3 Pin=Q2-3
Added Pin To Net: NetName=NetQ2_4 Pin=Q2-4
Added Pin To Net: NetName=NetD24_1 Pin=Q3-1
Added Pin To Net: NetName=GND Pin=Q3-3
Added Pin To Net: NetName=MOT1_B\ Pin=Q3-4
Added Pin To Net: NetName=NetD25_1 Pin=Q4-1
Added Pin To Net: NetName=NetQ4_3 Pin=Q4-3
Added Pin To Net: NetName=NetQ4_4 Pin=Q4-4
Added Pin To Net: NetName=NetD33_1 Pin=Q5-1
Added Pin To Net: NetName=GND Pin=Q5-3
Added Pin To Net: NetName=MOT2_A\ Pin=Q5-4
Added Pin To Net: NetName=NetD32_1 Pin=Q6-1
Added Pin To Net: NetName=NetQ6_3 Pin=Q6-3
Added Pin To Net: NetName=NetQ6_4 Pin=Q6-4
Added Pin To Net: NetName=NetD34_1 Pin=Q7-1
Added Pin To Net: NetName=GND Pin=Q7-3
Added Pin To Net: NetName=MOT2_B\ Pin=Q7-4
Added Pin To Net: NetName=NetD35_1 Pin=Q8-1
Added Pin To Net: NetName=NetQ8_3 Pin=Q8-3
Added Pin To Net: NetName=NetQ8_4 Pin=Q8-4
Added Pin To Net: NetName=GND Pin=R20-1
Added Pin To Net: NetName=NetR20_2 Pin=R20-2
Added Pin To Net: NetName=GND Pin=R21-1
Added Pin To Net: NetName=NetR21_2 Pin=R21-2
Added Pin To Net: NetName=MOT1_GATE_A Pin=R22-1
Added Pin To Net: NetName=NetD22_1 Pin=R22-2
Added Pin To Net: NetName=MOT1_PWM_A\ Pin=R23-1
Added Pin To Net: NetName=NetD23_1 Pin=R23-2
Added Pin To Net: NetName=MOT1_PWM_B\ Pin=R24-1
Added Pin To Net: NetName=NetD24_1 Pin=R24-2
Added Pin To Net: NetName=MOT1_GATE_B Pin=R25-1
Added Pin To Net: NetName=NetD25_1 Pin=R25-2
Added Pin To Net: NetName=GND Pin=R30-1
Added Pin To Net: NetName=NetR30_2 Pin=R30-2
Added Pin To Net: NetName=GND Pin=R31-1
Added Pin To Net: NetName=NetR31_2 Pin=R31-2
Added Pin To Net: NetName=MOT2_GATE_A Pin=R32-1
Added Pin To Net: NetName=NetD32_1 Pin=R32-2
Added Pin To Net: NetName=MOT2_PWM_A\ Pin=R33-1
Added Pin To Net: NetName=NetD33_1 Pin=R33-2
Added Pin To Net: NetName=MOT2_PWM_B\ Pin=R34-1
Added Pin To Net: NetName=NetD34_1 Pin=R34-2
Added Pin To Net: NetName=MOT2_GATE_B Pin=R35-1
Added Pin To Net: NetName=NetD35_1 Pin=R35-2
Added Pin To Net: NetName=NetC21_1 Pin=U20-1
Added Pin To Net: NetName=12V Pin=U20-2
Added Pin To Net: NetName=MOT1_DC_DIS Pin=U20-3
Added Pin To Net: NetName=GND Pin=U20-4
Added Pin To Net: NetName=MOT1_PWM_A Pin=U20-5
Added Pin To Net: NetName=MOT1_PWM_B Pin=U20-6
Added Pin To Net: NetName=12V Pin=U20-7
Added Pin To Net: NetName=NetR20_2 Pin=U20-8
Added Pin To Net: NetName=NetR21_2 Pin=U20-9
Added Pin To Net: NetName=NetC20_1 Pin=U20-10
Added Pin To Net: NetName=MOT1_AHO_A Pin=U20-11
Added Pin To Net: NetName=MOT1_A\ Pin=U20-12
Added Pin To Net: NetName=MOT1_PWM_A\ Pin=U20-13
Added Pin To Net: NetName=GND Pin=U20-14
Added Pin To Net: NetName=12V Pin=U20-15
Added Pin To Net: NetName=12V Pin=U20-16
Added Pin To Net: NetName=GND Pin=U20-17
Added Pin To Net: NetName=MOT1_PWM_B\ Pin=U20-18
Added Pin To Net: NetName=MOT1_B\ Pin=U20-19
Added Pin To Net: NetName=MOT1_BHO_B Pin=U20-20
Added Pin To Net: NetName=MOT1_PWM_A Pin=U21-1
Added Pin To Net: NetName=GND Pin=U21-2
Added Pin To Net: NetName=MOT1_PWM_B Pin=U21-3
Added Pin To Net: NetName=MOT1_PWM_B\ Pin=U21-4
Added Pin To Net: NetName=5V Pin=U21-5
Added Pin To Net: NetName=MOT1_PWM_A\ Pin=U21-6
Added Pin To Net: NetName=NetC31_1 Pin=U30-1
Added Pin To Net: NetName=12V Pin=U30-2
Added Pin To Net: NetName=MOT2_DC_DIS Pin=U30-3
Added Pin To Net: NetName=GND Pin=U30-4
Added Pin To Net: NetName=MOT2_PWM_A Pin=U30-5
Added Pin To Net: NetName=MOT2_PWM_B Pin=U30-6
Added Pin To Net: NetName=12V Pin=U30-7
Added Pin To Net: NetName=NetR30_2 Pin=U30-8
Added Pin To Net: NetName=NetR31_2 Pin=U30-9
Added Pin To Net: NetName=NetC30_1 Pin=U30-10
Added Pin To Net: NetName=MOT2_AHO_A Pin=U30-11
Added Pin To Net: NetName=MOT2_A\ Pin=U30-12
Added Pin To Net: NetName=MOT2_PWM_A\ Pin=U30-13
Added Pin To Net: NetName=GND Pin=U30-14
Added Pin To Net: NetName=12V Pin=U30-15
Added Pin To Net: NetName=12V Pin=U30-16
Added Pin To Net: NetName=GND Pin=U30-17
Added Pin To Net: NetName=MOT2_PWM_B\ Pin=U30-18
Added Pin To Net: NetName=MOT2_B\ Pin=U30-19
Added Pin To Net: NetName=MOT2_BHO_B Pin=U30-20
Added Pin To Net: NetName=MOT2_PWM_A Pin=U31-1
Added Pin To Net: NetName=GND Pin=U31-2
Added Pin To Net: NetName=MOT2_PWM_B Pin=U31-3
Added Pin To Net: NetName=MOT2_PWM_B\ Pin=U31-4
Added Pin To Net: NetName=5V Pin=U31-5
Added Pin To Net: NetName=MOT2_PWM_A\ Pin=U31-6
Added Pin To Net: NetName=MOT1_GATE_A Pin=W20-1
Added Pin To Net: NetName=MOT1_AHO_A Pin=W20-2
Added Pin To Net: NetName=MOT1_PWM_A Pin=W20-3
Added Pin To Net: NetName=MOT1_GATE_B Pin=W21-1
Added Pin To Net: NetName=MOT1_PWM_B Pin=W21-2
Added Pin To Net: NetName=MOT1_BHO_B Pin=W21-3
Added Pin To Net: NetName=NetQ4_3 Pin=W22-1
Added Pin To Net: NetName=MOT1_B\ Pin=W22-2
Added Pin To Net: NetName=GND Pin=W22-3
Added Pin To Net: NetName=NetQ4_4 Pin=W23-1
Added Pin To Net: NetName=MOT1_DC Pin=W23-2
Added Pin To Net: NetName=MOT1_B Pin=W23-3
Added Pin To Net: NetName=NetQ2_4 Pin=W24-1
Added Pin To Net: NetName=MOT1_A Pin=W24-2
Added Pin To Net: NetName=MOT1_DC Pin=W24-3
Added Pin To Net: NetName=NetQ2_3 Pin=W25-1
Added Pin To Net: NetName=GND Pin=W25-2
Added Pin To Net: NetName=MOT1_A\ Pin=W25-3
Added Pin To Net: NetName=MOT2_GATE_A Pin=W30-1
Added Pin To Net: NetName=MOT2_AHO_A Pin=W30-2
Added Pin To Net: NetName=MOT2_PWM_A Pin=W30-3
Added Pin To Net: NetName=MOT2_GATE_B Pin=W31-1
Added Pin To Net: NetName=MOT2_PWM_B Pin=W31-2
Added Pin To Net: NetName=MOT2_BHO_B Pin=W31-3
Added Pin To Net: NetName=NetQ8_3 Pin=W32-1
Added Pin To Net: NetName=MOT2_B\ Pin=W32-2
Added Pin To Net: NetName=GND Pin=W32-3
Added Pin To Net: NetName=NetQ8_4 Pin=W33-1
Added Pin To Net: NetName=MOT2_DC Pin=W33-2
Added Pin To Net: NetName=MOT2_B Pin=W33-3
Added Pin To Net: NetName=NetQ6_4 Pin=W34-1
Added Pin To Net: NetName=MOT2_A Pin=W34-2
Added Pin To Net: NetName=MOT2_DC Pin=W34-3
Added Pin To Net: NetName=NetQ6_3 Pin=W35-1
Added Pin To Net: NetName=GND Pin=W35-2
Added Pin To Net: NetName=MOT2_A\ Pin=W35-3
Added Room: Name=Sumo_Motor_Stepper_DC
