Removed Pin From Net: NetName=XTAL2 Pin=C4-2
Removed Pin From Net: NetName=XTAL1 Pin=C5-2
Removed Pin From Net: NetName=AGND Pin=C8-1
Removed Pin From Net: NetName=AVCC Pin=C8-2
Removed Pin From Net: NetName=AVCC Pin=R2-1
Removed Pin From Net: NetName=5V Pin=R2-2
Removed Pin From Net: NetName=GND Pin=R3-1
Removed Pin From Net: NetName=AGND Pin=R3-2
Removed Pin From Net: NetName=PB0 Pin=U1-10
Removed Pin From Net: NetName=PB1 Pin=U1-11
Removed Pin From Net: NetName=PB2 Pin=U1-12
Removed Pin From Net: NetName=PB3 Pin=U1-13
Removed Pin From Net: NetName=PB4 Pin=U1-14
Removed Pin From Net: NetName=PB5 Pin=U1-15
Removed Pin From Net: NetName=PB6 Pin=U1-16
Removed Pin From Net: NetName=PB7 Pin=U1-17
Removed Pin From Net: NetName=TOSC2 Pin=U1-18
Removed Pin From Net: NetName=TOSC1 Pin=U1-19
Removed Pin From Net: NetName=RESET Pin=U1-20
Removed Pin From Net: NetName=5V Pin=U1-21
Removed Pin From Net: NetName=GND Pin=U1-22
Removed Pin From Net: NetName=XTAL2 Pin=U1-23
Removed Pin From Net: NetName=XTAL1 Pin=U1-24
Removed Pin From Net: NetName=SCL Pin=U1-25
Removed Pin From Net: NetName=SDA Pin=U1-26
Removed Pin From Net: NetName=RXD Pin=U1-27
Removed Pin From Net: NetName=TXD Pin=U1-28
Removed Pin From Net: NetName=PD4 Pin=U1-29
Removed Pin From Net: NetName=PD5 Pin=U1-30
Removed Pin From Net: NetName=PD6 Pin=U1-31
Removed Pin From Net: NetName=PD7 Pin=U1-32
Removed Pin From Net: NetName=WR* Pin=U1-33
Removed Pin From Net: NetName=A8 Pin=U1-35
Removed Pin From Net: NetName=A9 Pin=U1-36
Removed Pin From Net: NetName=A10 Pin=U1-37
Removed Pin From Net: NetName=A11 Pin=U1-38
Removed Pin From Net: NetName=A12 Pin=U1-39
Removed Pin From Net: NetName=A13 Pin=U1-40
Removed Pin From Net: NetName=A14 Pin=U1-41
Removed Pin From Net: NetName=A15 Pin=U1-42
Removed Pin From Net: NetName=ALE Pin=U1-43
Removed Pin From Net: NetName=AD7 Pin=U1-44
Removed Pin From Net: NetName=AD6 Pin=U1-45
Removed Pin From Net: NetName=AD5 Pin=U1-46
Removed Pin From Net: NetName=AD4 Pin=U1-47
Removed Pin From Net: NetName=AD3 Pin=U1-48
Removed Pin From Net: NetName=AD2 Pin=U1-49
Removed Pin From Net: NetName=AD1 Pin=U1-50
Removed Pin From Net: NetName=AD0 Pin=U1-51
Removed Pin From Net: NetName=5V Pin=U1-52
Removed Pin From Net: NetName=GND Pin=U1-53
Removed Pin From Net: NetName=TDI Pin=U1-54
Removed Pin From Net: NetName=TDO Pin=U1-55
Removed Pin From Net: NetName=TMS Pin=U1-56
Removed Pin From Net: NetName=TCK Pin=U1-57
Removed Pin From Net: NetName=ADC3 Pin=U1-58
Removed Pin From Net: NetName=ADC2 Pin=U1-59
Removed Pin From Net: NetName=ADC1 Pin=U1-60
Removed Pin From Net: NetName=ADC0 Pin=U1-61
Removed Pin From Net: NetName=AGND Pin=U1-63
Removed Pin From Net: NetName=AVCC Pin=U1-64
Removed Pin From Net: NetName=XTAL2 Pin=Y1-1
Removed Pin From Net: NetName=XTAL1 Pin=Y1-2
Removed Member From Class: ClassName=Microcontroller and Memory Member=R3
Change Component Comment : Designator=R1 Old Comment=1K New Comment=0K
Change Component Comment : Designator=U1 Old Comment=ATmega128 New Comment=ATmega2560
Added Pin To Net: NetName=XTAL1 Pin=C4-2
Added Pin To Net: NetName=XTAL2 Pin=C5-2
Added Pin To Net: NetName=AVCC Pin=C8-1
Added Pin To Net: NetName=AGND Pin=C8-2
Added Pin To Net: NetName=AVCC Pin=R1-1
Added Pin To Net: NetName=GND Pin=R2-1
Added Pin To Net: NetName=AGND Pin=R2-2
Added Pin To Net: NetName=5V Pin=U1-10
Added Pin To Net: NetName=GND Pin=U1-11
Added Pin To Net: NetName=PB0 Pin=U1-19
Added Pin To Net: NetName=PB1 Pin=U1-20
Added Pin To Net: NetName=PB2 Pin=U1-21
Added Pin To Net: NetName=PB3 Pin=U1-22
Added Pin To Net: NetName=PB4 Pin=U1-23
Added Pin To Net: NetName=PB5 Pin=U1-24
Added Pin To Net: NetName=PB6 Pin=U1-25
Added Pin To Net: NetName=PB7 Pin=U1-26
Added Pin To Net: NetName=TOSC2 Pin=U1-28
Added Pin To Net: NetName=TOSC1 Pin=U1-29
Added Pin To Net: NetName=RESET Pin=U1-30
Added Pin To Net: NetName=5V Pin=U1-31
Added Pin To Net: NetName=GND Pin=U1-32
Added Pin To Net: NetName=XTAL2 Pin=U1-33
Added Pin To Net: NetName=XTAL1 Pin=U1-34
Added Pin To Net: NetName=SCL Pin=U1-43
Added Pin To Net: NetName=SDA Pin=U1-44
Added Pin To Net: NetName=RXD Pin=U1-45
Added Pin To Net: NetName=TXD Pin=U1-46
Added Pin To Net: NetName=PD4 Pin=U1-47
Added Pin To Net: NetName=PD5 Pin=U1-48
Added Pin To Net: NetName=PD6 Pin=U1-49
Added Pin To Net: NetName=PD7 Pin=U1-50
Added Pin To Net: NetName=WR* Pin=U1-51
Added Pin To Net: NetName=A8 Pin=U1-53
Added Pin To Net: NetName=A9 Pin=U1-54
Added Pin To Net: NetName=A10 Pin=U1-55
Added Pin To Net: NetName=A11 Pin=U1-56
Added Pin To Net: NetName=A12 Pin=U1-57
Added Pin To Net: NetName=A13 Pin=U1-58
Added Pin To Net: NetName=A14 Pin=U1-59
Added Pin To Net: NetName=A15 Pin=U1-60
Added Pin To Net: NetName=5V Pin=U1-61
Added Pin To Net: NetName=GND Pin=U1-62
Added Pin To Net: NetName=XTAL1 Pin=Y1-1
Added Pin To Net: NetName=XTAL2 Pin=Y1-2
