Added Component: Designator=U1(F-QFP20x20-G144/N)
Added Pin To Net: NetName=PE0 Pin=U1-2
Added Pin To Net: NetName=PE1 Pin=U1-3
Added Pin To Net: NetName=PE2 Pin=U1-4
Added Pin To Net: NetName=PE3 Pin=U1-5
Added Pin To Net: NetName=PE4 Pin=U1-6
Added Pin To Net: NetName=PE5 Pin=U1-7
Added Pin To Net: NetName=PE6 Pin=U1-8
Added Pin To Net: NetName=PE7 Pin=U1-9
Added Pin To Net: NetName=5V Pin=U1-10
Added Pin To Net: NetName=GND Pin=U1-11
Added Pin To Net: NetName=PB0 Pin=U1-19
Added Pin To Net: NetName=PB1 Pin=U1-20
Added Pin To Net: NetName=PB2 Pin=U1-21
Added Pin To Net: NetName=PB3 Pin=U1-22
Added Pin To Net: NetName=PB4 Pin=U1-23
Added Pin To Net: NetName=PB5 Pin=U1-24
Added Pin To Net: NetName=PB6 Pin=U1-25
Added Pin To Net: NetName=PB7 Pin=U1-26
Added Pin To Net: NetName=TOSC2 Pin=U1-28
Added Pin To Net: NetName=TOSC1 Pin=U1-29
Added Pin To Net: NetName=RESET Pin=U1-30
Added Pin To Net: NetName=5V Pin=U1-31
Added Pin To Net: NetName=GND Pin=U1-32
Added Pin To Net: NetName=XTAL2 Pin=U1-33
Added Pin To Net: NetName=XTAL1 Pin=U1-34
Added Pin To Net: NetName=SCL Pin=U1-43
Added Pin To Net: NetName=SDA Pin=U1-44
Added Pin To Net: NetName=RXD Pin=U1-45
Added Pin To Net: NetName=TXD Pin=U1-46
Added Pin To Net: NetName=PD4 Pin=U1-47
Added Pin To Net: NetName=PD5 Pin=U1-48
Added Pin To Net: NetName=PD6 Pin=U1-49
Added Pin To Net: NetName=PD7 Pin=U1-50
Added Pin To Net: NetName=WR* Pin=U1-51
Added Pin To Net: NetName=A8 Pin=U1-53
Added Pin To Net: NetName=A9 Pin=U1-54
Added Pin To Net: NetName=A10 Pin=U1-55
Added Pin To Net: NetName=A11 Pin=U1-56
Added Pin To Net: NetName=A12 Pin=U1-57
Added Pin To Net: NetName=A13 Pin=U1-58
Added Pin To Net: NetName=A14 Pin=U1-59
Added Pin To Net: NetName=A15 Pin=U1-60
Added Pin To Net: NetName=5V Pin=U1-61
Added Pin To Net: NetName=GND Pin=U1-62
Added Pin To Net: NetName=ALE Pin=U1-70
Added Pin To Net: NetName=AD7 Pin=U1-71
Added Pin To Net: NetName=AD6 Pin=U1-72
Added Pin To Net: NetName=AD5 Pin=U1-73
Added Pin To Net: NetName=AD4 Pin=U1-74
Added Pin To Net: NetName=AD3 Pin=U1-75
Added Pin To Net: NetName=AD2 Pin=U1-76
Added Pin To Net: NetName=AD1 Pin=U1-77
Added Pin To Net: NetName=AD0 Pin=U1-78
Added Pin To Net: NetName=5V Pin=U1-80
Added Pin To Net: NetName=GND Pin=U1-81
Added Pin To Net: NetName=TDI Pin=U1-90
Added Pin To Net: NetName=TDO Pin=U1-91
Added Pin To Net: NetName=TMS Pin=U1-92
Added Pin To Net: NetName=TCK Pin=U1-93
Added Pin To Net: NetName=ADC3 Pin=U1-94
Added Pin To Net: NetName=ADC2 Pin=U1-95
Added Pin To Net: NetName=ADC1 Pin=U1-96
Added Pin To Net: NetName=ADC0 Pin=U1-97
Added Pin To Net: NetName=AGND Pin=U1-99
Added Pin To Net: NetName=AVCC Pin=U1-100
Added Member To Class: ClassName=Microcontroller and Memory Member=Component U1 ATmega2560
