Change Component Footprint: Designator=JP133 Old Footprint=HDR1X2 New Footprint=KK 1x2 2.54mm
Change Component Footprint: Designator=JP132 Old Footprint=HDR1X2 New Footprint=KK 1x2 2.54mm
Change Component Footprint: Designator=JP131 Old Footprint=HDR1X2 New Footprint=KK 1x2 2.54mm
Change Component Footprint: Designator=JP130 Old Footprint=HDR1X2 New Footprint=KK 1x2 2.54mm
Change Component Footprint: Designator=JP105 Old Footprint=HDR1X4 New Footprint=EHR 1x4 2.5mm
Change Component Footprint: Designator=JP128 Old Footprint=HDR1X4H New Footprint=EHR 1x4 2.5mm
Change Component Footprint: Designator=JP127 Old Footprint=HDR1X4H New Footprint=EHR 1x4 2.5mm
Change Component Footprint: Designator=JP126 Old Footprint=HDR1X4H New Footprint=EHR 1x4 2.5mm
Change Component Footprint: Designator=JP125 Old Footprint=HDR1X4H New Footprint=EHR 1x4 2.5mm
Change Component Footprint: Designator=JP21 Old Footprint=HDR1X6 New Footprint=microfit 2x3 3mm
Change Component Footprint: Designator=JP20 Old Footprint=HDR1X6 New Footprint=microfit 2x3 3mm
Change Component Footprint: Designator=JP33 Old Footprint=HDR1X6 New Footprint=ZHR 1x6 1.5mm
Change Component Footprint: Designator=JP32 Old Footprint=HDR1X6 New Footprint=ZHR 1x6 1.5mm
Change Component Footprint: Designator=JP31 Old Footprint=HDR1X6 New Footprint=ZHR 1x6 1.5mm
Change Component Footprint: Designator=JP30 Old Footprint=HDR1X6 New Footprint=ZHR 1x6 1.5mm
Change Component Footprint: Designator=JP121 Old Footprint=HDR2X3 New Footprint=PHR 1x6 2mm
Change Component Footprint: Designator=JP120 Old Footprint=HDR2X3 New Footprint=PHR 1x6 2mm
Change Component Footprint: Designator=JP102 Old Footprint=HDR2X4 New Footprint=microfit 2x4 3mm 
Change Component Footprint: Designator=JP115 Old Footprint=MHDR1X3 New Footprint=ZHR 1x3 1.5mm
Change Component Footprint: Designator=JP114 Old Footprint=MHDR1X3 New Footprint=ZHR 1x3 1.5mm
Change Component Footprint: Designator=JP113 Old Footprint=MHDR1X3 New Footprint=ZHR 1x3 1.5mm
Change Component Footprint: Designator=JP112 Old Footprint=MHDR1X3 New Footprint=ZHR 1x3 1.5mm
