Added Component: Designator=C1(CAPR5-4X5)
Added Component: Designator=C2(CAPR5-4X5)
Added Component: Designator=C3(CAPR5-4X5)
Added Component: Designator=C4(BCY-W2/D3.1)
Added Component: Designator=C5(BCY-W2/D3.1)
Added Component: Designator=C6(BCY-W2/D3.1)
Added Component: Designator=C7(BCY-W2/D3.1)
Added Component: Designator=C8(BCY-W2/D3.1)
Added Component: Designator=C20(CC2012-0805)
Added Component: Designator=C21(CC2012-0805)
Added Component: Designator=C22(RAD-0.3)
Added Component: Designator=C100(CAPR5-4X5)
Added Component: Designator=C101(CAPR5-4X5)
Added Component: Designator=C103(CAPR5-4X5)
Added Component: Designator=C104(CAPR5-4X5)
Added Component: Designator=C105(CAPR5-4X5)
Added Component: Designator=C200(CAPR5-4X5)
Added Component: Designator=C201(BCY-W2/D3.1)
Added Component: Designator=C202(BCY-W2/D3.1)
Added Component: Designator=C203(CAPR5-4X5)
Added Component: Designator=D20(DSO-C2/X3.3)
Added Component: Designator=D21(DSO-C2/X3.3)
Added Component: Designator=D200(DIO10.46-5.3x2.8)
Added Component: Designator=J100(DSUB1.385-2H9)
Added Component: Designator=JP20(HDR1X6)
Added Component: Designator=JP30(HDR1X6)
Added Component: Designator=JP31(HDR1X6)
Added Component: Designator=JP32(HDR1X6)
Added Component: Designator=JP33(HDR1X6)
Added Component: Designator=JP100(HDR2X5)
Added Component: Designator=JP102(HDR2X4)
Added Component: Designator=JP104(HDR1X8)
Added Component: Designator=JP105(HDR1X4)
Added Component: Designator=JP106(HDR1X8)
Added Component: Designator=JP107(HDR1X4)
Added Component: Designator=JP108(HDR1X8)
Added Component: Designator=JP109(HDR1X4)
Added Component: Designator=JP110(HDR1X4)
Added Component: Designator=JP111(HDR1X4)
Added Component: Designator=JP120(HDR1X2)
Added Component: Designator=JP121(HDR1X2)
Added Component: Designator=Q1(TO-252AA)
Added Component: Designator=Q2(TO-252AA)
Added Component: Designator=Q3(TO-252AA)
Added Component: Designator=Q4(TO-252AA)
Added Component: Designator=Q5(TO-252AA)
Added Component: Designator=Q6(TO-252AA)
Added Component: Designator=Q7(TO-252AA)
Added Component: Designator=Q8(TO-252AA)
Added Component: Designator=R1(AXIAL-0.3)
Added Component: Designator=R2(AXIAL-0.3)
Added Component: Designator=R20(POT4MM-2)
Added Component: Designator=R21(POT4MM-2)
Added Component: Designator=R100(AXIAL-0.3)
Added Component: Designator=R101(AXIAL-0.3)
Added Component: Designator=R200(AXIAL-0.3)
Added Component: Designator=U1(F-QFP14X14-G100/Z17N)
Added Component: Designator=U2(SO-G20/Y1.45)
Added Component: Designator=U3(SO-G32/Y1.45)
Added Component: Designator=U100(SO-G16/C5.85)
Added Component: Designator=U200(BCY-W3)
Added Component: Designator=VP200(PIN3)
Added Component: Designator=VP201(PIN3)
Added Component: Designator=Y1(BCY-W2/D3.1)
Added Component: Designator=Y2(BCY-W2/D3.1)
