Removed Pin From Net: NetName=MOT1_PWM_A\ Pin=Q1-1
Removed Pin From Net: NetName=MOT1_GATE_A Pin=Q2-1
Removed Pin From Net: NetName=MOT1_PWM_B\ Pin=Q3-1
Removed Pin From Net: NetName=MOT1_GATE_B Pin=Q4-1
Removed Pin From Net: NetName=MOT2_PWM_A\ Pin=Q5-1
Removed Pin From Net: NetName=MOT2_GATE_A Pin=Q6-1
Removed Pin From Net: NetName=MOT2_PWM_B\ Pin=Q7-1
Removed Pin From Net: NetName=MOT2_GATE_B Pin=Q8-1
Removed Pin From Net: NetName=GND Pin=R30-CCW
Removed Pin From Net: NetName=NetR30_CW Pin=R30-CW
Removed Pin From Net: NetName=NetR30_CW Pin=R30-W
Removed Pin From Net: NetName=GND Pin=R31-CCW
Removed Pin From Net: NetName=NetR31_CW Pin=R31-CW
Removed Pin From Net: NetName=NetR31_CW Pin=R31-W
Change Component Footprint: Designator=D31 Old Footprint=DSO-C2/X3.3 New Footprint=SMA
Change Component Footprint: Designator=D30 Old Footprint=DSO-C2/X3.3 New Footprint=SMA
Change Component Footprint: Designator=D21 Old Footprint=DSO-C2/X3.3 New Footprint=SMA
Change Component Footprint: Designator=R31 Old Footprint=POT4MM-2 New Footprint=CR2012-0805
Change Component Footprint: Designator=R30 Old Footprint=POT4MM-2 New Footprint=CR2012-0805
Change Component Comment : Designator=JP122 Old Comment=Mouse1 New Comment=B out
Change Component Comment : Designator=JP123 Old Comment=Mouse2 New Comment=B In
Change Component Comment : Designator=R31 Old Comment=RPot SM New Comment=Res Semi
Change Component Comment : Designator=R30 Old Comment=RPot SM New Comment=Res Semi
Added Component: Designator=D22(SMA)
Added Component: Designator=D23(SMA)
Added Component: Designator=D24(SMA)
Added Component: Designator=D25(SMA)
Added Component: Designator=D32(SMA)
Added Component: Designator=D33(SMA)
Added Component: Designator=D34(SMA)
Added Component: Designator=D35(SMA)
Added Component: Designator=R22(AXIAL-0.5)
Added Component: Designator=R23(AXIAL-0.5)
Added Component: Designator=R24(AXIAL-0.5)
Added Component: Designator=R25(AXIAL-0.5)
Added Component: Designator=R32(AXIAL-0.5)
Added Component: Designator=R33(AXIAL-0.5)
Added Component: Designator=R34(AXIAL-0.5)
Added Component: Designator=R35(AXIAL-0.5)
Added Pin To Net: NetName=MOT1_GATE_A Pin=D22-2
Added Pin To Net: NetName=MOT1_PWM_A\ Pin=D23-2
Added Pin To Net: NetName=MOT1_PWM_B\ Pin=D24-2
Added Pin To Net: NetName=MOT1_GATE_B Pin=D25-2
Added Pin To Net: NetName=MOT2_GATE_A Pin=D32-2
Added Pin To Net: NetName=MOT2_PWM_A\ Pin=D33-2
Added Pin To Net: NetName=MOT2_PWM_B\ Pin=D34-2
Added Pin To Net: NetName=MOT2_GATE_B Pin=D35-2
Added Pin To Net: NetName=GND Pin=R20-1
Added Pin To Net: NetName=NetR20_2 Pin=R20-2
Added Pin To Net: NetName=GND Pin=R21-1
Added Pin To Net: NetName=NetR21_2 Pin=R21-2
Added Pin To Net: NetName=MOT1_GATE_A Pin=R22-1
Added Pin To Net: NetName=MOT1_PWM_A\ Pin=R23-1
Added Pin To Net: NetName=MOT1_PWM_B\ Pin=R24-1
Added Pin To Net: NetName=MOT1_GATE_B Pin=R25-1
Added Pin To Net: NetName=MOT2_GATE_A Pin=R32-1
Added Pin To Net: NetName=MOT2_PWM_A\ Pin=R33-1
Added Pin To Net: NetName=MOT2_PWM_B\ Pin=R34-1
Added Pin To Net: NetName=MOT2_GATE_B Pin=R35-1
Change Net Name : Old Net Name=NetR30_CW New Net Name=NetR30_2
Change Net Name : Old Net Name=NetR31_CW New Net Name=NetR31_2
Added Pin To Net: NetName=NetD22_1 Pin=D22-1
Added Pin To Net: NetName=NetD22_1 Pin=Q2-1
Added Pin To Net: NetName=NetD22_1 Pin=R22-2
Added Net: Name=NetD22_1
Added Pin To Net: NetName=NetD23_1 Pin=D23-1
Added Pin To Net: NetName=NetD23_1 Pin=Q1-1
Added Pin To Net: NetName=NetD23_1 Pin=R23-2
Added Net: Name=NetD23_1
Added Pin To Net: NetName=NetD24_1 Pin=D24-1
Added Pin To Net: NetName=NetD24_1 Pin=Q3-1
Added Pin To Net: NetName=NetD24_1 Pin=R24-2
Added Net: Name=NetD24_1
Added Pin To Net: NetName=NetD25_1 Pin=D25-1
Added Pin To Net: NetName=NetD25_1 Pin=Q4-1
Added Pin To Net: NetName=NetD25_1 Pin=R25-2
Added Net: Name=NetD25_1
Added Pin To Net: NetName=NetD32_1 Pin=D32-1
Added Pin To Net: NetName=NetD32_1 Pin=Q6-1
Added Pin To Net: NetName=NetD32_1 Pin=R32-2
Added Net: Name=NetD32_1
Added Pin To Net: NetName=NetD33_1 Pin=D33-1
Added Pin To Net: NetName=NetD33_1 Pin=Q5-1
Added Pin To Net: NetName=NetD33_1 Pin=R33-2
Added Net: Name=NetD33_1
Added Pin To Net: NetName=NetD34_1 Pin=D34-1
Added Pin To Net: NetName=NetD34_1 Pin=Q7-1
Added Pin To Net: NetName=NetD34_1 Pin=R34-2
Added Net: Name=NetD34_1
Added Pin To Net: NetName=NetD35_1 Pin=D35-1
Added Pin To Net: NetName=NetD35_1 Pin=Q8-1
Added Pin To Net: NetName=NetD35_1 Pin=R35-2
Added Net: Name=NetD35_1
Added Member To Class: ClassName=Motor Control Member=Component D22 Diode
Added Member To Class: ClassName=Motor Control Member=Component D23 Diode
Added Member To Class: ClassName=Motor Control Member=Component D24 Diode
Added Member To Class: ClassName=Motor Control Member=Component D25 Diode
Added Member To Class: ClassName=Motor Control Member=Component D32 Diode
Added Member To Class: ClassName=Motor Control Member=Component D33 Diode
Added Member To Class: ClassName=Motor Control Member=Component D34 Diode
Added Member To Class: ClassName=Motor Control Member=Component D35 Diode
Added Member To Class: ClassName=Motor Control Member=Component R22 Res Semi
Added Member To Class: ClassName=Motor Control Member=Component R23 Res Semi
Added Member To Class: ClassName=Motor Control Member=Component R24 Res Semi
Added Member To Class: ClassName=Motor Control Member=Component R25 Res Semi
Added Member To Class: ClassName=Motor Control Member=Component R32 Res Semi
Added Member To Class: ClassName=Motor Control Member=Component R33 Res Semi
Added Member To Class: ClassName=Motor Control Member=Component R34 Res Semi
Added Member To Class: ClassName=Motor Control Member=Component R35 Res Semi
